<?xml version="1.0" encoding="UTF-8"?>
<!-- Generated by org.testng.reporters.JUnitReportReporter -->
<testsuite hostname="kranthis-iMac.local" failures="0" tests="3" name="test.TestNG.BrowserSearchTest" time="3.611" errors="0" timestamp="2024-01-08T19:36:36 IST" skipped="0">
  <testcase classname="test.TestNG.BrowserSearchTest" name="browseTest" time="1.825"/>
  <testcase classname="test.TestNG.BrowserSearchTest" name="browseTest" time="0.049"/>
  <testcase classname="test.TestNG.BrowserSearchTest" name="browseTest" time="1.737"/>
</testsuite> <!-- test.TestNG.BrowserSearchTest -->
