<?xml version="1.0" encoding="UTF-8"?>
<!-- Generated by org.testng.reporters.JUnitReportReporter -->
<testsuite hostname="kranthis-iMac.local" failures="0" tests="3" name="testcase.testng.BrowserSearchTest" time="48.684" errors="0" timestamp="2024-01-07T20:33:28 IST" skipped="0">
  <testcase classname="testcase.testng.BrowserSearchTest" name="BrowseTest" time="17.459"/>
  <testcase classname="testcase.testng.BrowserSearchTest" name="BrowseTest" time="16.116"/>
  <testcase classname="testcase.testng.BrowserSearchTest" name="BrowseTest" time="15.109"/>
</testsuite> <!-- testcase.testng.BrowserSearchTest -->
